[     347ms] [ERROR] Failed to load resource: the server responded with a status of 404 (Not Found) @ http://masjid.localhost:3000/_next/static/css/app/layout.css?v=1770470179531:0
[     452ms] [ERROR] Failed to load resource: the server responded with a status of 404 (Not Found) @ http://masjid.localhost:3000/_next/static/chunks/main-app.js?v=1770470179531:0
[     460ms] [ERROR] Failed to load resource: the server responded with a status of 404 (Not Found) @ http://masjid.localhost:3000/_next/static/chunks/app/units/masjid/layout.js:0
[     461ms] [ERROR] Failed to load resource: the server responded with a status of 404 (Not Found) @ http://masjid.localhost:3000/_next/static/chunks/app-pages-internals.js:0
[     462ms] [ERROR] Failed to load resource: the server responded with a status of 404 (Not Found) @ http://masjid.localhost:3000/_next/static/chunks/app/not-found.js:0
[     463ms] [ERROR] Failed to load resource: the server responded with a status of 404 (Not Found) @ http://masjid.localhost:3000/_next/static/chunks/app/units/masjid/event/sertifikat-runmadan/page.js:0
[     463ms] [ERROR] Failed to load resource: the server responded with a status of 404 (Not Found) @ http://masjid.localhost:3000/_next/static/chunks/app/layout.js:0
[    3463ms] [WARNING] The resource http://masjid.localhost:3000/_next/static/media/e4af272ccee01ff0-s.p.woff2 was preloaded using link preload but not used within a few seconds from the window's load event. Please make sure it has an appropriate `as` value and it is preloaded intentionally. @ http://masjid.localhost:3000/event/sertifikat-runmadan:0
[    4793ms] [ERROR] Failed to load resource: the server responded with a status of 404 (Not Found) @ http://masjid.localhost:3000/_next/static/css/app/layout.css?v=1770470184136:0
[    4916ms] [ERROR] Failed to load resource: the server responded with a status of 404 (Not Found) @ http://masjid.localhost:3000/_next/static/chunks/main-app.js?v=1770470184136:0
[    4919ms] [ERROR] Failed to load resource: the server responded with a status of 404 (Not Found) @ http://masjid.localhost:3000/_next/static/chunks/app/units/masjid/layout.js:0
[    4920ms] [ERROR] Failed to load resource: the server responded with a status of 404 (Not Found) @ http://masjid.localhost:3000/_next/static/chunks/app/not-found.js:0
[    4920ms] [ERROR] Failed to load resource: the server responded with a status of 404 (Not Found) @ http://masjid.localhost:3000/_next/static/chunks/app-pages-internals.js:0
[    4920ms] [ERROR] Failed to load resource: the server responded with a status of 404 (Not Found) @ http://masjid.localhost:3000/_next/static/chunks/app/layout.js:0
[    4921ms] [ERROR] Failed to load resource: the server responded with a status of 404 (Not Found) @ http://masjid.localhost:3000/_next/static/chunks/app/units/masjid/event/sertifikat-runmadan/page.js:0
[    7926ms] [WARNING] The resource http://masjid.localhost:3000/_next/static/media/e4af272ccee01ff0-s.p.woff2 was preloaded using link preload but not used within a few seconds from the window's load event. Please make sure it has an appropriate `as` value and it is preloaded intentionally. @ http://masjid.localhost:3000/event/sertifikat-runmadan:0
[   23418ms] [ERROR] Failed to load resource: the server responded with a status of 404 (Not Found) @ http://masjid.localhost:3000/_next/static/css/app/layout.css?v=1770470202766:0
[   23540ms] [ERROR] Failed to load resource: the server responded with a status of 404 (Not Found) @ http://masjid.localhost:3000/_next/static/chunks/app/units/masjid/layout.js:0
[   23541ms] [ERROR] Failed to load resource: the server responded with a status of 404 (Not Found) @ http://masjid.localhost:3000/_next/static/chunks/app/layout.js:0
[   23541ms] [ERROR] Failed to load resource: the server responded with a status of 404 (Not Found) @ http://masjid.localhost:3000/_next/static/chunks/app/units/masjid/event/sertifikat-runmadan/page.js:0
[   23542ms] [ERROR] Failed to load resource: the server responded with a status of 404 (Not Found) @ http://masjid.localhost:3000/_next/static/chunks/app-pages-internals.js:0
[   23543ms] [ERROR] Failed to load resource: the server responded with a status of 404 (Not Found) @ http://masjid.localhost:3000/_next/static/chunks/app/not-found.js:0
[   23543ms] [ERROR] Failed to load resource: the server responded with a status of 404 (Not Found) @ http://masjid.localhost:3000/_next/static/chunks/main-app.js?v=1770470202766:0
[   26656ms] [WARNING] The resource http://masjid.localhost:3000/_next/static/media/e4af272ccee01ff0-s.p.woff2 was preloaded using link preload but not used within a few seconds from the window's load event. Please make sure it has an appropriate `as` value and it is preloaded intentionally. @ http://masjid.localhost:3000/event/sertifikat-runmadan:0
